  BlankProject.cpp
  ChunkMesh.cpp
H:\CSC8502\Tutorials\Blank Project\ChunkMesh.cpp(6,25): warning C4244: '=': conversion from 'float' to 'GLuint', possible loss of data
H:\CSC8502\Tutorials\Blank Project\ChunkMesh.cpp(7,47): warning C4244: '=': conversion from 'float' to 'GLuint', possible loss of data
H:\CSC8502\Tutorials\Blank Project\ChunkMesh.cpp(16,15): warning C4244: 'initializing': conversion from 'float' to 'int', possible loss of data
H:\CSC8502\Tutorials\Blank Project\ChunkMesh.cpp(20,39): warning C4244: 'argument': conversion from 'int' to 'const float', possible loss of data
H:\CSC8502\Tutorials\Blank Project\ChunkMesh.cpp(20,36): warning C4244: 'argument': conversion from 'int' to 'const float', possible loss of data
H:\CSC8502\Tutorials\Blank Project\ChunkMesh.cpp(28,10): warning C4244: 'initializing': conversion from 'float' to 'int', possible loss of data
H:\CSC8502\Tutorials\Blank Project\ChunkMesh.cpp(29,10): warning C4244: 'initializing': conversion from 'float' to 'int', possible loss of data
H:\CSC8502\Tutorials\Blank Project\ChunkMesh.cpp(30,10): warning C4244: 'initializing': conversion from 'float' to 'int', possible loss of data
H:\CSC8502\Tutorials\Blank Project\ChunkMesh.cpp(31,10): warning C4244: 'initializing': conversion from 'float' to 'int', possible loss of data
  Noise.cpp
H:\CSC8502\Tutorials\Blank Project\Noise.cpp(95,85): warning C4244: 'argument': conversion from 'double' to 'float', possible loss of data
H:\CSC8502\Tutorials\Blank Project\Noise.cpp(95,66): warning C4244: 'argument': conversion from 'double' to 'float', possible loss of data
H:\CSC8502\Tutorials\Blank Project\Noise.cpp(95,47): warning C4244: 'argument': conversion from 'double' to 'float', possible loss of data
H:\CSC8502\Tutorials\Blank Project\Noise.cpp(95,28): warning C4244: 'argument': conversion from 'double' to 'float', possible loss of data
H:\CSC8502\Tutorials\Blank Project\Noise.cpp(101,107): warning C4305: 'argument': truncation from 'double' to 'const float'
H:\CSC8502\Tutorials\Blank Project\Noise.cpp(101,107): warning C4305: 'argument': truncation from 'double' to 'float'
H:\CSC8502\Tutorials\Blank Project\Noise.cpp(113,13): warning C4244: 'return': conversion from 'double' to 'float', possible loss of data
  Renderer.cpp
H:\CSC8502\Tutorials\Blank Project\Renderer.cpp(63,95): warning C4244: 'argument': conversion from 'int' to 'const float', possible loss of data
H:\CSC8502\Tutorials\Blank Project\Renderer.cpp(63,62): warning C4244: 'argument': conversion from 'int' to 'const float', possible loss of data
H:\CSC8502\Tutorials\Blank Project\Renderer.cpp(63,139): warning C4244: 'argument': conversion from 'int' to 'float', possible loss of data
H:\CSC8502\Tutorials\Blank Project\Renderer.cpp(63,198): warning C4244: 'argument': conversion from 'int' to 'float', possible loss of data
H:\CSC8502\Tutorials\Blank Project\Renderer.cpp(64,78): warning C4244: 'argument': conversion from 'int' to 'const float', possible loss of data
H:\CSC8502\Tutorials\Blank Project\Renderer.cpp(64,60): warning C4244: 'argument': conversion from 'int' to 'const float', possible loss of data
H:\CSC8502\Tutorials\Blank Project\Renderer.cpp(64,41): warning C4244: 'argument': conversion from 'int' to 'const float', possible loss of data
H:\CSC8502\Tutorials\Blank Project\Renderer.cpp(83,116): warning C4305: 'argument': truncation from 'double' to 'float'
H:\CSC8502\Tutorials\Blank Project\Renderer.cpp(382,81): warning C4267: 'argument': conversion from 'size_t' to 'GLsizei', possible loss of data
  Generating Code...
  BlankProject.vcxproj -> H:\CSC8502\Tutorials\x64\Debug\Blank Project.exe
